<?xml version="1.0" encoding="UTF-8"?>
<!-- Generated by org.testng.reporters.JUnitReportReporter -->
<testsuite hostname="DESKTOP-9GTL4K1" failures="0" tests="7" name="testng.CategoryPage" time="-1679888512.000" errors="1" timestamp="2023-03-27T09:11:12 IST" skipped="6">
  <testcase classname="testng.CategoryPage" name="t001_categoryAdd" time="0.000">
    <skipped/>
  </testcase> <!-- t001_categoryAdd -->
  <system-out/>
  <testcase classname="testng.CategoryPage" name="startTest" time="-1679888512.000">
    <error message="
Can inject only one of &lt;ITestContext, XmlTest&gt; into a @BeforeSuite annotated startTest.
For more information on native dependency injection please refer to https://testng.org/doc/documentation-main.html#native-dependency-injection" type="org.testng.TestNGException">
      <![CDATA[org.testng.TestNGException: 
Can inject only one of <ITestContext, XmlTest> into a @BeforeSuite annotated startTest.
For more information on native dependency injection please refer to https://testng.org/doc/documentation-main.html#native-dependency-injection
at org.testng.internal.Parameters.checkParameterTypes(Parameters.java:439)
at org.testng.internal.Parameters.createParametersForMethod(Parameters.java:353)
at org.testng.internal.Parameters.createParameters(Parameters.java:708)
at org.testng.internal.Parameters.createConfigurationParameters(Parameters.java:168)
at org.testng.internal.ConfigInvoker.invokeConfigurations(ConfigInvoker.java:302)
at org.testng.SuiteRunner.privateRun(SuiteRunner.java:317)
at org.testng.SuiteRunner.run(SuiteRunner.java:276)
at org.testng.SuiteRunnerWorker.runSuite(SuiteRunnerWorker.java:53)
at org.testng.SuiteRunnerWorker.run(SuiteRunnerWorker.java:96)
at org.testng.TestNG.runSuitesSequentially(TestNG.java:1212)
at org.testng.TestNG.runSuitesLocally(TestNG.java:1134)
at org.testng.TestNG.runSuites(TestNG.java:1063)
at org.testng.TestNG.run(TestNG.java:1031)
at org.testng.remote.AbstractRemoteTestNG.run(AbstractRemoteTestNG.java:115)
at org.testng.remote.RemoteTestNG.initAndRun(RemoteTestNG.java:251)
at org.testng.remote.RemoteTestNG.main(RemoteTestNG.java:77)
]]>
    </error>
  </testcase> <!-- startTest -->
  <system-out/>
  <testcase classname="testng.CategoryPage" name="t002_categorySearch" time="0.000">
    <skipped/>
  </testcase> <!-- t002_categorySearch -->
  <system-out/>
  <testcase classname="testng.CategoryPage" name="t003_categoryDeleteConfirm" time="0.000">
    <skipped/>
  </testcase> <!-- t003_categoryDeleteConfirm -->
  <system-out/>
  <testcase classname="testng.CategoryPage" name="t004_categoryDeleteCancel" time="0.000">
    <skipped/>
  </testcase> <!-- t004_categoryDeleteCancel -->
  <system-out/>
  <testcase classname="testng.CategoryPage" name="t005_categoryEdit" time="0.000">
    <skipped/>
  </testcase> <!-- t005_categoryEdit -->
  <system-out/>
  <testcase classname="testng.CategoryPage" name="t006_categoryEntries" time="0.000">
    <skipped/>
  </testcase> <!-- t006_categoryEntries -->
  <system-out/>
</testsuite> <!-- testng.CategoryPage -->
