<?xml version="1.0" encoding="UTF-8"?>
<!-- Generated by org.testng.reporters.JUnitXMLReporter -->
<testsuite hostname="DESKTOP-9GTL4K1" ignored="12" name="Test" tests="31" failures="0" timestamp="2023-04-04T17:02:55 IST" time="14.362" errors="0">
  <testcase name="@BeforeTest beforeTest" time="11.393" classname="testng.AddProductPage">
    <failure type="org.openqa.selenium.remote.UnreachableBrowserException" message="Error communicating with the remote browser. It may have died.
Build info: version: &amp;apos;4.8.0&amp;apos;, revision: &amp;apos;267030adea&amp;apos;
System info: os.name: &amp;apos;Windows 10&amp;apos;, os.arch: &amp;apos;amd64&amp;apos;, os.version: &amp;apos;10.0&amp;apos;, java.version: &amp;apos;1.8.0_202&amp;apos;
Driver info: org.openqa.selenium.chrome.ChromeDriver
Command: [9b2ebd4dfeade4b56aeefa6756d50030, get {url=https://qalegend.com/billing/public/login}]
Capabilities {acceptInsecureCerts: false, browserName: chrome, browserVersion: 111.0.5563.147, chrome: {chromedriverVersion: 111.0.5563.64 (c710e93d5b63..., userDataDir: C:\Users\user\AppData\Local...}, goog:chromeOptions: {debuggerAddress: localhost:63933}, networkConnectionEnabled: false, pageLoadStrategy: normal, platformName: WINDOWS, proxy: Proxy(), se:cdp: ws://localhost:63933/devtoo..., se:cdpVersion: 111.0.5563.147, setWindowRect: true, strictFileInteractability: false, timeouts: {implicit: 0, pageLoad: 300000, script: 30000}, unhandledPromptBehavior: dismiss and notify, webauthn:extension:credBlob: true, webauthn:extension:largeBlob: true, webauthn:extension:minPinLength: true, webauthn:extension:prf: true, webauthn:virtualAuthenticators: true}
Session ID: 9b2ebd4dfeade4b56aeefa6756d50030">
      <![CDATA[org.openqa.selenium.remote.UnreachableBrowserException: Error communicating with the remote browser. It may have died.
Build info: version: '4.8.0', revision: '267030adea'
System info: os.name: 'Windows 10', os.arch: 'amd64', os.version: '10.0', java.version: '1.8.0_202'
Driver info: org.openqa.selenium.chrome.ChromeDriver
Command: [9b2ebd4dfeade4b56aeefa6756d50030, get {url=https://qalegend.com/billing/public/login}]
Capabilities {acceptInsecureCerts: false, browserName: chrome, browserVersion: 111.0.5563.147, chrome: {chromedriverVersion: 111.0.5563.64 (c710e93d5b63..., userDataDir: C:\Users\user\AppData\Local...}, goog:chromeOptions: {debuggerAddress: localhost:63933}, networkConnectionEnabled: false, pageLoadStrategy: normal, platformName: WINDOWS, proxy: Proxy(), se:cdp: ws://localhost:63933/devtoo..., se:cdpVersion: 111.0.5563.147, setWindowRect: true, strictFileInteractability: false, timeouts: {implicit: 0, pageLoad: 300000, script: 30000}, unhandledPromptBehavior: dismiss and notify, webauthn:extension:credBlob: true, webauthn:extension:largeBlob: true, webauthn:extension:minPinLength: true, webauthn:extension:prf: true, webauthn:virtualAuthenticators: true}
Session ID: 9b2ebd4dfeade4b56aeefa6756d50030
at org.openqa.selenium.remote.RemoteWebDriver.execute(RemoteWebDriver.java:567)
at org.openqa.selenium.remote.RemoteWebDriver.get(RemoteWebDriver.java:297)
at Utilities.WebDriverManager.launchBrowser(WebDriverManager.java:60)
at testng.AddProductPage.beforeTest(AddProductPage.java:135)
Caused by: java.io.UncheckedIOException: java.io.IOException: An existing connection was forcibly closed by the remote host
at org.openqa.selenium.remote.http.netty.NettyHttpHandler.makeCall(NettyHttpHandler.java:73)
at org.openqa.selenium.remote.http.AddSeleniumUserAgent.lambda$apply$0(AddSeleniumUserAgent.java:42)
at org.openqa.selenium.remote.http.Filter.lambda$andFinally$1(Filter.java:56)
at org.openqa.selenium.remote.http.netty.NettyHttpHandler.execute(NettyHttpHandler.java:49)
at org.openqa.selenium.remote.http.AddSeleniumUserAgent.lambda$apply$0(AddSeleniumUserAgent.java:42)
at org.openqa.selenium.remote.http.Filter.lambda$andFinally$1(Filter.java:56)
at org.openqa.selenium.remote.http.netty.NettyClient.execute(NettyClient.java:99)
at org.openqa.selenium.remote.HttpCommandExecutor.execute(HttpCommandExecutor.java:181)
at org.openqa.selenium.remote.service.DriverCommandExecutor.invokeExecute(DriverCommandExecutor.java:167)
at org.openqa.selenium.remote.service.DriverCommandExecutor.execute(DriverCommandExecutor.java:142)
at org.openqa.selenium.remote.RemoteWebDriver.execute(RemoteWebDriver.java:543)
... 27 more
Caused by: java.io.IOException: An existing connection was forcibly closed by the remote host
at sun.nio.ch.SocketDispatcher.read0(Native Method)
at sun.nio.ch.SocketDispatcher.read(SocketDispatcher.java:43)
at sun.nio.ch.IOUtil.readIntoNativeBuffer(IOUtil.java:223)
at sun.nio.ch.IOUtil.read(IOUtil.java:192)
at sun.nio.ch.SocketChannelImpl.read(SocketChannelImpl.java:380)
at io.netty.buffer.PooledByteBuf.setBytes(PooledByteBuf.java:259)
at io.netty.buffer.AbstractByteBuf.writeBytes(AbstractByteBuf.java:1132)
at io.netty.channel.socket.nio.NioSocketChannel.doReadBytes(NioSocketChannel.java:357)
at io.netty.channel.nio.AbstractNioByteChannel$NioByteUnsafe.read(AbstractNioByteChannel.java:151)
at io.netty.channel.nio.NioEventLoop.processSelectedKey(NioEventLoop.java:788)
at io.netty.channel.nio.NioEventLoop.processSelectedKeysOptimized(NioEventLoop.java:724)
at io.netty.channel.nio.NioEventLoop.processSelectedKeys(NioEventLoop.java:650)
at io.netty.channel.nio.NioEventLoop.run(NioEventLoop.java:562)
at io.netty.util.concurrent.SingleThreadEventExecutor$4.run(SingleThreadEventExecutor.java:997)
at io.netty.util.internal.ThreadExecutorMap$2.run(ThreadExecutorMap.java:74)
at io.netty.util.concurrent.FastThreadLocalRunnable.run(FastThreadLocalRunnable.java:30)
at java.lang.Thread.run(Thread.java:748)
... Removed 24 stack frames]]>
    </failure>
  </testcase> <!-- @BeforeTest beforeTest -->
  <testcase name="@BeforeTest beforeTest" time="-1.680607972634E9" classname="testng.BrandPage">
    <skipped/>
  </testcase> <!-- @BeforeTest beforeTest -->
  <testcase name="@BeforeTest beforeTest" time="-1.680607972637E9" classname="testng.CategoryPage">
    <skipped/>
  </testcase> <!-- @BeforeTest beforeTest -->
  <testcase name="@BeforeTest beforeTest" time="-1.680607972648E9" classname="testng.ListProductDetail">
    <skipped/>
  </testcase> <!-- @BeforeTest beforeTest -->
  <testcase name="@BeforeTest beforeTest" time="-1.680607972652E9" classname="testng.UnitsPage">
    <skipped/>
  </testcase> <!-- @BeforeTest beforeTest -->
  <testcase name="@AfterTest afterTest" time="-1.680607975577E9" classname="testng.AddProductPage">
    <skipped/>
  </testcase> <!-- @AfterTest afterTest -->
  <testcase name="@AfterTest afterTest" time="-1.680607975579E9" classname="testng.BrandPage">
    <skipped/>
  </testcase> <!-- @AfterTest afterTest -->
  <testcase name="@AfterTest afterTest" time="-1.68060797558E9" classname="testng.CategoryPage">
    <skipped/>
  </testcase> <!-- @AfterTest afterTest -->
  <testcase name="@AfterTest afterTest" time="-1.680607975581E9" classname="testng.ListProductDetail">
    <skipped/>
  </testcase> <!-- @AfterTest afterTest -->
  <testcase name="@AfterTest afterTest" time="-1.680607975582E9" classname="testng.UnitsPage">
    <skipped/>
  </testcase> <!-- @AfterTest afterTest -->
  <testcase name="t001_login" time="0.0" classname="testng.ListProductDetail">
    <skipped/>
  </testcase> <!-- t001_login -->
  <testcase name="t002_addProductDetails" time="0.0" classname="testng.ListProductDetail">
    <skipped/>
  </testcase> <!-- t002_addProductDetails -->
  <testcase name="t003_addProductFail" time="0.0" classname="testng.ListProductDetail">
    <skipped/>
  </testcase> <!-- t003_addProductFail -->
  <testcase name="t004_addProductskip" time="0.0" classname="testng.ListProductDetail">
    <skipped/>
  </testcase> <!-- t004_addProductskip -->
  <testcase name="t001_addProductLogin" time="0.0" classname="testng.AddProductPage">
    <skipped/>
  </testcase> <!-- t001_addProductLogin -->
  <testcase name="t002_addProductDetails" time="0.0" classname="testng.AddProductPage">
    <skipped/>
  </testcase> <!-- t002_addProductDetails -->
  <testcase name="t003_addProductImage" time="0.0" classname="testng.AddProductPage">
    <skipped/>
  </testcase> <!-- t003_addProductImage -->
  <testcase name="t004_addProductSearch" time="0.0" classname="testng.AddProductPage">
    <skipped/>
  </testcase> <!-- t004_addProductSearch -->
  <testcase name="t005_deleteSelected" time="0.0" classname="testng.AddProductPage">
    <skipped/>
  </testcase> <!-- t005_deleteSelected -->
  <testcase name="t006_deactivateSelected" time="0.0" classname="testng.AddProductPage">
    <skipped/>
  </testcase> <!-- t006_deactivateSelected -->
  <testcase name="t007_productSort" time="0.0" classname="testng.AddProductPage">
    <skipped/>
  </testcase> <!-- t007_productSort -->
  <testcase name="t008_requiredField" time="0.0" classname="testng.AddProductPage">
    <skipped/>
  </testcase> <!-- t008_requiredField -->
  <testcase name="T001_unitAdd" time="0.0" classname="testng.UnitsPage">
    <skipped/>
  </testcase> <!-- T001_unitAdd -->
  <testcase name="T002_unitSearch" time="0.0" classname="testng.UnitsPage">
    <skipped/>
  </testcase> <!-- T002_unitSearch -->
  <testcase name="T003_unitDeleteConfirm" time="0.0" classname="testng.UnitsPage">
    <skipped/>
  </testcase> <!-- T003_unitDeleteConfirm -->
  <testcase name="T004_unitDeleteCancel" time="0.0" classname="testng.UnitsPage">
    <skipped/>
  </testcase> <!-- T004_unitDeleteCancel -->
  <testcase name="T005_unitEdit" time="0.0" classname="testng.UnitsPage">
    <skipped/>
  </testcase> <!-- T005_unitEdit -->
  <testcase name="T006_unitEntries" time="0.0" classname="testng.UnitsPage">
    <skipped/>
  </testcase> <!-- T006_unitEntries -->
  <testcase name="t001_categoryAdd" time="0.0" classname="testng.CategoryPage">
    <skipped/>
  </testcase> <!-- t001_categoryAdd -->
  <testcase name="t002_categorySearch" time="0.0" classname="testng.CategoryPage">
    <skipped/>
  </testcase> <!-- t002_categorySearch -->
  <testcase name="t003_categoryDeleteConfirm" time="0.0" classname="testng.CategoryPage">
    <skipped/>
  </testcase> <!-- t003_categoryDeleteConfirm -->
  <testcase name="t004_categoryDeleteCancel" time="0.0" classname="testng.CategoryPage">
    <skipped/>
  </testcase> <!-- t004_categoryDeleteCancel -->
  <testcase name="t005_categoryEdit" time="0.0" classname="testng.CategoryPage">
    <skipped/>
  </testcase> <!-- t005_categoryEdit -->
  <testcase name="t006_categoryEntries" time="0.0" classname="testng.CategoryPage">
    <skipped/>
  </testcase> <!-- t006_categoryEntries -->
  <testcase name="t001_brandsAdd" time="0.0" classname="testng.BrandPage">
    <skipped/>
  </testcase> <!-- t001_brandsAdd -->
  <testcase name="t001_brandsAdd" time="0.0" classname="testng.BrandPage">
    <skipped/>
  </testcase> <!-- t001_brandsAdd -->
  <testcase name="t002_brandSearch" time="0.0" classname="testng.BrandPage">
    <skipped/>
  </testcase> <!-- t002_brandSearch -->
  <testcase name="t003_brandDeleteConfirm" time="0.0" classname="testng.BrandPage">
    <skipped/>
  </testcase> <!-- t003_brandDeleteConfirm -->
  <testcase name="t004_brandDeleteCancel" time="0.0" classname="testng.BrandPage">
    <skipped/>
  </testcase> <!-- t004_brandDeleteCancel -->
  <testcase name="t005_brandEdit" time="0.0" classname="testng.BrandPage">
    <skipped/>
  </testcase> <!-- t005_brandEdit -->
  <testcase name="t006_brandEntries" time="0.0" classname="testng.BrandPage">
    <skipped/>
  </testcase> <!-- t006_brandEntries -->
  <testcase name="@AfterSuite endTest" time="0.0" classname="Utilities.WebDriverManager">
    <ignored/>
  </testcase> <!-- @AfterSuite endTest -->
  <testcase name="@AfterSuite endTest" time="0.0" classname="Utilities.WebDriverManager">
    <ignored/>
  </testcase> <!-- @AfterSuite endTest -->
  <testcase name="@AfterSuite endTest" time="0.0" classname="Utilities.WebDriverManager">
    <ignored/>
  </testcase> <!-- @AfterSuite endTest -->
  <testcase name="@AfterSuite endTest" time="0.0" classname="Utilities.WebDriverManager">
    <ignored/>
  </testcase> <!-- @AfterSuite endTest -->
  <testcase name="@BeforeSuite setupSuite" time="0.0" classname="Utilities.WebDriverManager">
    <ignored/>
  </testcase> <!-- @BeforeSuite setupSuite -->
  <testcase name="@BeforeSuite setupSuite" time="0.0" classname="Utilities.WebDriverManager">
    <ignored/>
  </testcase> <!-- @BeforeSuite setupSuite -->
  <testcase name="@BeforeSuite setupSuite" time="0.0" classname="Utilities.WebDriverManager">
    <ignored/>
  </testcase> <!-- @BeforeSuite setupSuite -->
  <testcase name="@BeforeSuite setupSuite" time="0.0" classname="Utilities.WebDriverManager">
    <ignored/>
  </testcase> <!-- @BeforeSuite setupSuite -->
  <testcase name="@BeforeSuite startTest" time="0.0" classname="Utilities.WebDriverManager">
    <ignored/>
  </testcase> <!-- @BeforeSuite startTest -->
  <testcase name="@BeforeSuite startTest" time="0.0" classname="Utilities.WebDriverManager">
    <ignored/>
  </testcase> <!-- @BeforeSuite startTest -->
  <testcase name="@BeforeSuite startTest" time="0.0" classname="Utilities.WebDriverManager">
    <ignored/>
  </testcase> <!-- @BeforeSuite startTest -->
  <testcase name="@BeforeSuite startTest" time="0.0" classname="Utilities.WebDriverManager">
    <ignored/>
  </testcase> <!-- @BeforeSuite startTest -->
</testsuite> <!-- Test -->
